  adler32.c
  compress.c
  crc32.c
  deflate.c
  gzclose.c
  gzlib.c
e:\srcs\freeimage\source\zlib\gzlib.c(245): warning C4996: 'open': The POSIX name for this item is deprecated. Instead, use the ISO C and C++ conformant name: _open. See online help for details.
  c:\program files (x86)\windows kits\10\include\10.0.10586.0\ucrt\corecrt_io.h(514): note:  см. объявление "open"
  gzread.c
e:\srcs\freeimage\source\zlib\gzread.c(30): warning C4996: 'read': The POSIX name for this item is deprecated. Instead, use the ISO C and C++ conformant name: _read. See online help for details.
  c:\program files (x86)\windows kits\10\include\10.0.10586.0\ucrt\corecrt_io.h(521): note:  см. объявление "read"
e:\srcs\freeimage\source\zlib\gzread.c(591): warning C4996: 'close': The POSIX name for this item is deprecated. Instead, use the ISO C and C++ conformant name: _close. See online help for details.
  c:\program files (x86)\windows kits\10\include\10.0.10586.0\ucrt\corecrt_io.h(457): note:  см. объявление "close"
  gzwrite.c
e:\srcs\freeimage\source\zlib\gzwrite.c(84): warning C4996: 'write': The POSIX name for this item is deprecated. Instead, use the ISO C and C++ conformant name: _write. See online help for details.
  c:\program files (x86)\windows kits\10\include\10.0.10586.0\ucrt\corecrt_io.h(556): note:  см. объявление "write"
e:\srcs\freeimage\source\zlib\gzwrite.c(101): warning C4996: 'write': The POSIX name for this item is deprecated. Instead, use the ISO C and C++ conformant name: _write. See online help for details.
  c:\program files (x86)\windows kits\10\include\10.0.10586.0\ucrt\corecrt_io.h(556): note:  см. объявление "write"
e:\srcs\freeimage\source\zlib\gzwrite.c(573): warning C4996: 'close': The POSIX name for this item is deprecated. Instead, use the ISO C and C++ conformant name: _close. See online help for details.
  c:\program files (x86)\windows kits\10\include\10.0.10586.0\ucrt\corecrt_io.h(457): note:  см. объявление "close"
  infback.c
  inffast.c
  inflate.c
  inftrees.c
  trees.c
  uncompr.c
  zutil.c
  Создание кода...
  ZLib.2013.vcxproj -> E:\srcs\FreeImage\Source\ZLib\.\Win32\Debug\ZLib.lib
